{"uuid":"eaee312e-dd50-4529-90ff-fb090a9520c2","historyId":"5e5a4640ab5c071a40c6a68a74596bc7","fullName":"Login.authorizationfields","labels":[{"name":"package","value":"Login"},{"name":"testClass","value":"Login"},{"name":"testMethod","value":"authorizationfields"},{"name":"parentSuite","value":"Default Suite"},{"name":"suite","value":"Login.java"},{"name":"subSuite","value":"Login"},{"name":"host","value":"Lashas-MacBook-Air.local"},{"name":"thread","value":"12343@Lashas-MacBook-Air.local.main(1)"},{"name":"framework","value":"testng"},{"name":"language","value":"java"}],"links":[],"name":"authorizationfields","status":"skipped","statusDetails":{"known":false,"muted":false,"flaky":false,"message":"Invalid element state [#sw_dropdown_268]: element click intercepted: Element <div id=\"sw_dropdown_268\" class=\"ty-dropdown-box__title cm-combination unlogged open\">...</div> is not clickable at point (1284, 77). Other element would receive the click: <div class=\"ui-widget-overlay ui-front\" style=\"z-index: 1100;\"></div>\nScreenshot: file:/Users/lashajintcharadze/Desktop/FinalProject/build/reports/tests/1648046120263.1.png\nPage source: file:/Users/lashajintcharadze/Desktop/FinalProject/build/reports/tests/1648046120263.1.html\nTimeout: 4 s.\nCaused by: ElementClickInterceptedException: element click intercepted: Element <div id=\"sw_dropdown_268\" class=\"ty-dropdown-box__title cm-combination unlogged open\">...</div> is not clickable at point (1284, 77). Other element would receive the click: <div class=\"ui-widget-overlay ui-front\" style=\"z-index: 1100;\"></div>","trace":"Invalid element state [#sw_dropdown_268]: element click intercepted: Element <div id=\"sw_dropdown_268\" class=\"ty-dropdown-box__title cm-combination unlogged open\">...</div> is not clickable at point (1284, 77). Other element would receive the click: <div class=\"ui-widget-overlay ui-front\" style=\"z-index: 1100;\"></div>\nScreenshot: file:/Users/lashajintcharadze/Desktop/FinalProject/build/reports/tests/1648046120263.1.png\nPage source: file:/Users/lashajintcharadze/Desktop/FinalProject/build/reports/tests/1648046120263.1.html\nTimeout: 4 s.\nCaused by: ElementClickInterceptedException: element click intercepted: Element <div id=\"sw_dropdown_268\" class=\"ty-dropdown-box__title cm-combination unlogged open\">...</div> is not clickable at point (1284, 77). Other element would receive the click: <div class=\"ui-widget-overlay ui-front\" style=\"z-index: 1100;\"></div>\n\tat com.codeborne.selenide.impl.ExceptionWrapper.wrap(ExceptionWrapper.java:26)\n\tat com.codeborne.selenide.impl.SelenideElementProxy.dispatchAndRetry(SelenideElementProxy.java:153)\n\tat com.codeborne.selenide.impl.SelenideElementProxy.invoke(SelenideElementProxy.java:83)\n\tat jdk.proxy2/jdk.proxy2.$Proxy16.click(Unknown Source)\n\tat Wishlist.StepObject.AuthorizationSteps.goToMyAccountPage(AuthorizationSteps.java:10)\n\tat Login.authorizationfields(Login.java:38)\n\tat java.base/jdk.internal.reflect.NativeMethodAccessorImpl.invoke0(Native Method)\n\tat java.base/jdk.internal.reflect.NativeMethodAccessorImpl.invoke(NativeMethodAccessorImpl.java:77)\n\tat java.base/jdk.internal.reflect.DelegatingMethodAccessorImpl.invoke(DelegatingMethodAccessorImpl.java:43)\n\tat java.base/java.lang.reflect.Method.invoke(Method.java:568)\n\tat org.testng.internal.MethodInvocationHelper.invokeMethod(MethodInvocationHelper.java:133)\n\tat org.testng.internal.TestInvoker.invokeMethod(TestInvoker.java:598)\n\tat org.testng.internal.TestInvoker.retryFailed(TestInvoker.java:213)\n\tat org.testng.internal.MethodRunner.runInSequence(MethodRunner.java:58)\n\tat org.testng.internal.TestInvoker$MethodInvocationAgent.invoke(TestInvoker.java:824)\n\tat org.testng.internal.TestInvoker.invokeTestMethods(TestInvoker.java:146)\n\tat org.testng.internal.TestMethodWorker.invokeTestMethods(TestMethodWorker.java:146)\n\tat org.testng.internal.TestMethodWorker.run(TestMethodWorker.java:128)\n\tat java.base/java.util.ArrayList.forEach(ArrayList.java:1511)\n\tat org.testng.TestRunner.privateRun(TestRunner.java:794)\n\tat org.testng.TestRunner.run(TestRunner.java:596)\n\tat org.testng.SuiteRunner.runTest(SuiteRunner.java:377)\n\tat org.testng.SuiteRunner.runSequentially(SuiteRunner.java:371)\n\tat org.testng.SuiteRunner.privateRun(SuiteRunner.java:332)\n\tat org.testng.SuiteRunner.run(SuiteRunner.java:276)\n\tat org.testng.SuiteRunnerWorker.runSuite(SuiteRunnerWorker.java:53)\n\tat org.testng.SuiteRunnerWorker.run(SuiteRunnerWorker.java:96)\n\tat org.testng.TestNG.runSuitesSequentially(TestNG.java:1212)\n\tat org.testng.TestNG.runSuitesLocally(TestNG.java:1134)\n\tat org.testng.TestNG.runSuites(TestNG.java:1063)\n\tat org.testng.TestNG.run(TestNG.java:1031)\n\tat com.intellij.rt.testng.IDEARemoteTestNG.run(IDEARemoteTestNG.java:66)\n\tat com.intellij.rt.testng.RemoteTestNGStarter.main(RemoteTestNGStarter.java:109)\nCaused by: org.openqa.selenium.ElementClickInterceptedException: element click intercepted: Element <div id=\"sw_dropdown_268\" class=\"ty-dropdown-box__title cm-combination unlogged open\">...</div> is not clickable at point (1284, 77). Other element would receive the click: <div class=\"ui-widget-overlay ui-front\" style=\"z-index: 1100;\"></div>\n  (Session info: chrome=99.0.4844.83)\nBuild info: version: '4.1.2', revision: '9a5a329c5a'\nSystem info: host: 'Lashas-MacBook-Air.local', ip: 'fe80:0:0:0:188b:d5bb:25e2:857d%en0', os.name: 'Mac OS X', os.arch: 'x86_64', os.version: '12.3', java.version: '17.0.2'\nDriver info: org.openqa.selenium.chrome.ChromeDriver\nCommand: [a5bc00bfc8c8982419d8c487571e6613, clickElement {id=269a6d5e-db04-4541-8b43-1f175322c01e}]\nCapabilities {acceptInsecureCerts: true, browserName: chrome, browserVersion: 99.0.4844.83, chrome: {chromedriverVersion: 99.0.4844.51 (d537ec02474b5..., userDataDir: /var/folders/9r/ht0w34ws5zd...}, goog:chromeOptions: {debuggerAddress: localhost:60006}, javascriptEnabled: true, networkConnectionEnabled: false, pageLoadStrategy: normal, platform: MAC, platformName: MAC, proxy: Proxy(), se:cdp: ws://localhost:60006/devtoo..., se:cdpVersion: 99.0.4844.83, setWindowRect: true, strictFileInteractability: false, timeouts: {implicit: 0, pageLoad: 300000, script: 30000}, unhandledPromptBehavior: dismiss and notify, webauthn:extension:credBlob: true, webauthn:extension:largeBlob: true, webauthn:virtualAuthenticators: true}\nElement: [[ChromeDriver: chrome on MAC (a5bc00bfc8c8982419d8c487571e6613)] -> css selector: #sw_dropdown_268]\nSession ID: a5bc00bfc8c8982419d8c487571e6613\n\tat java.base/jdk.internal.reflect.NativeConstructorAccessorImpl.newInstance0(Native Method)\n\tat java.base/jdk.internal.reflect.NativeConstructorAccessorImpl.newInstance(NativeConstructorAccessorImpl.java:77)\n\tat java.base/jdk.internal.reflect.DelegatingConstructorAccessorImpl.newInstance(DelegatingConstructorAccessorImpl.java:45)\n\tat java.base/java.lang.reflect.Constructor.newInstanceWithCaller(Constructor.java:499)\n\tat java.base/java.lang.reflect.Constructor.newInstance(Constructor.java:480)\n\tat org.openqa.selenium.remote.codec.w3c.W3CHttpResponseCodec.createException(W3CHttpResponseCodec.java:200)\n\tat org.openqa.selenium.remote.codec.w3c.W3CHttpResponseCodec.decode(W3CHttpResponseCodec.java:133)\n\tat org.openqa.selenium.remote.codec.w3c.W3CHttpResponseCodec.decode(W3CHttpResponseCodec.java:53)\n\tat org.openqa.selenium.remote.HttpCommandExecutor.execute(HttpCommandExecutor.java:184)\n\tat org.openqa.selenium.remote.service.DriverCommandExecutor.invokeExecute(DriverCommandExecutor.java:167)\n\tat org.openqa.selenium.remote.service.DriverCommandExecutor.execute(DriverCommandExecutor.java:142)\n\tat org.openqa.selenium.remote.RemoteWebDriver.execute(RemoteWebDriver.java:558)\n\tat org.openqa.selenium.remote.RemoteWebElement.execute(RemoteWebElement.java:251)\n\tat org.openqa.selenium.remote.RemoteWebElement.click(RemoteWebElement.java:77)\n\tat com.codeborne.selenide.commands.Click.defaultClick(Click.java:73)\n\tat com.codeborne.selenide.commands.Click.click(Click.java:52)\n\tat com.codeborne.selenide.commands.Click.execute(Click.java:29)\n\tat com.codeborne.selenide.commands.Click.execute(Click.java:19)\n\tat com.codeborne.selenide.commands.Commands.execute(Commands.java:154)\n\tat com.codeborne.selenide.impl.SelenideElementProxy.dispatchAndRetry(SelenideElementProxy.java:131)\n\t... 31 more\n"},"stage":"finished","steps":[],"attachments":[],"parameters":[],"start":1648046115279,"stop":1648046120625}